<?xml version="1.0" encoding="UTF-8"?>
<!-- Generated by org.testng.reporters.JUnitReportReporter -->
<testsuite skipped="0" hostname="Srajen" name="com.swiggy.tests.postTests" tests="3" failures="0" timestamp="2022-08-07T02:36:04 IST" time="3.712" errors="0">
  <testcase name="createPost" time="2.521" classname="com.swiggy.tests.postTests"/>
  <system-out/>
  <testcase name="getPostsDetails" time="0.502" classname="com.swiggy.tests.postTests"/>
  <system-out/>
  <testcase name="deletePostDetails" time="0.689" classname="com.swiggy.tests.postTests"/>
  <system-out/>
</testsuite> <!-- com.swiggy.tests.postTests -->
